
Line 483 of "drivers/src/grtos_switch.S" starts at address 0x4001b88 <L_SCBNoPending+212> and ends at 0x4001b8c <L_SCBNoPending+216>.
Line 72 of "drivers/src/altera_avalon_jtag_uart_write.c" starts at address 0xeabc <altera_avalon_jtag_uart_write+80> and ends at 0xeae0 <altera_avalon_jtag_uart_write+116>.

Line 484 of "drivers/src/grtos_switch.S" starts at address 0x4001b8c <L_SCBNoPending+216> and ends at 0x4001b90 <L_SCBNoPending+220>.
Line 72 of "drivers/src/altera_avalon_jtag_uart_write.c" starts at address 0xeabc <altera_avalon_jtag_uart_write+80> and ends at 0xeae0 <altera_avalon_jtag_uart_write+116>.

Line 485 of "drivers/src/grtos_switch.S" starts at address 0x4001b90 <L_SCBNoPending+220> and ends at 0x4001b94 <L_SCBNoPending+224>.
Line 72 of "drivers/src/altera_avalon_jtag_uart_write.c" starts at address 0xeabc <altera_avalon_jtag_uart_write+80> and ends at 0xeae0 <altera_avalon_jtag_uart_write+116>.

Line 486 of "drivers/src/grtos_switch.S" starts at address 0x4001b94 <L_SCBNoPending+224> and ends at 0x4001b98 <L_SCBNoPending+228>.
Line 72 of "drivers/src/altera_avalon_jtag_uart_write.c" starts at address 0xeabc <altera_avalon_jtag_uart_write+80> and ends at 0xeae0 <altera_avalon_jtag_uart_write+116>.

Line 487 of "drivers/src/grtos_switch.S" starts at address 0x4001b98 <L_SCBNoPending+228> and ends at 0x4001b9c <L_SCBNoPending+232>.
Line 72 of "drivers/src/altera_avalon_jtag_uart_write.c" starts at address 0xeabc <altera_avalon_jtag_uart_write+80> and ends at 0xeae0 <altera_avalon_jtag_uart_write+116>.

Line 488 of "drivers/src/grtos_switch.S" starts at address 0x4001b9c <L_SCBNoPending+232> and ends at 0x4001ba0 <L_SCBNoPending+236>.
Line 72 of "drivers/src/altera_avalon_jtag_uart_write.c" starts at address 0xeabc <altera_avalon_jtag_uart_write+80> and ends at 0xeae0 <altera_avalon_jtag_uart_write+116>.

Line 489 of "drivers/src/grtos_switch.S" starts at address 0x4001ba0 <L_SCBNoPending+236> and ends at 0x4001ba4 <L_SCBNoPending+240>.
Line 72 of "drivers/src/altera_avalon_jtag_uart_write.c" starts at address 0xeabc <altera_avalon_jtag_uart_write+80> and ends at 0xeae0 <altera_avalon_jtag_uart_write+116>.

Line 490 of "drivers/src/grtos_switch.S" starts at address 0x4001ba4 <L_SCBNoPending+240> and ends at 0x4001ba8 <L_SCBNoPending+244>.
Line 70 of "drivers/src/altera_avalon_jtag_uart_write.c" starts at address 0xeae0 <altera_avalon_jtag_uart_write+116> and ends at 0xeaec <altera_avalon_jtag_uart_write+128>.

Line 491 of "drivers/src/grtos_switch.S" starts at address 0x4001ba8 <L_SCBNoPending+244> and ends at 0x4001bac <L_SCBNoPending+248>.
Line 70 of "drivers/src/altera_avalon_jtag_uart_write.c" starts at address 0xeae0 <altera_avalon_jtag_uart_write+116> and ends at 0xeaec <altera_avalon_jtag_uart_write+128>.

Line 493 of "drivers/src/grtos_switch.S" starts at address 0x4001bac <L_SCBNoPending+248> and ends at 0x4001bb0 <L_SCBNoPending+252>.
Line 70 of "drivers/src/altera_avalon_jtag_uart_write.c" starts at address 0xeae0 <altera_avalon_jtag_uart_write+116> and ends at 0xeaec <altera_avalon_jtag_uart_write+128>.

Line 494 of "drivers/src/grtos_switch.S" starts at address 0x4001bb0 <L_SCBNoPending+252> and ends at 0x4001bb4 <L_SCBNoPending+256>.
Line 71 of "drivers/src/altera_avalon_jtag_uart_write.c" starts at address 0xeaa8 <altera_avalon_jtag_uart_write+60> and ends at 0xeabc <altera_avalon_jtag_uart_write+80>.

Line 495 of "drivers/src/grtos_switch.S" starts at address 0x4001bb4 <L_SCBNoPending+256> and ends at 0x4001bb8 <L_SCBNoPending+260>.
Line 71 of "drivers/src/altera_avalon_jtag_uart_write.c" starts at address 0xeaa8 <altera_avalon_jtag_uart_write+60> and ends at 0xeabc <altera_avalon_jtag_uart_write+80>.

Line 496 of "drivers/src/grtos_switch.S" starts at address 0x4001bb8 <L_SCBNoPending+260> and ends at 0x4001bbc <L_SCBNoPending+264>.
Line 71 of "drivers/src/altera_avalon_jtag_uart_write.c" starts at address 0xeaa8 <altera_avalon_jtag_uart_write+60> and ends at 0xeabc <altera_avalon_jtag_uart_write+80>.

Line 497 of "drivers/src/grtos_switch.S" starts at address 0x4001bbc <L_SCBNoPending+264> and ends at 0x4001bc0 <L_SCBNoPending+268>.
Line 71 of "drivers/src/altera_avalon_jtag_uart_write.c" starts at address 0xeaa8 <altera_avalon_jtag_uart_write+60> and ends at 0xeabc <altera_avalon_jtag_uart_write+80>.

Line 498 of "drivers/src/grtos_switch.S" starts at address 0x4001bc0 <L_SCBNoPending+268> and ends at 0x4001bc4 <L_SCBNoPending+272>.
Line 71 of "drivers/src/altera_avalon_jtag_uart_write.c" starts at address 0xeaa8 <altera_avalon_jtag_uart_write+60> and ends at 0xeabc <altera_avalon_jtag_uart_write+80>.

Line 499 of "drivers/src/grtos_switch.S" starts at address 0x4001bc4 <L_SCBNoPending+272> and ends at 0x4001bc8 <L_SCBNoPending+276>.
Line 72 of "drivers/src/altera_avalon_jtag_uart_write.c" starts at address 0xeabc <altera_avalon_jtag_uart_write+80> and ends at 0xeae0 <altera_avalon_jtag_uart_write+116>.

Line 500 of "drivers/src/grtos_switch.S" starts at address 0x4001bc8 <L_SCBNoPending+276> and ends at 0x4001bcc <L_SCBNoPending+280>.
Line 72 of "drivers/src/altera_avalon_jtag_uart_write.c" starts at address 0xeabc <altera_avalon_jtag_uart_write+80> and ends at 0xeae0 <altera_avalon_jtag_uart_write+116>.

Line 501 of "drivers/src/grtos_switch.S" starts at address 0x4001bcc <L_SCBNoPending+280> and ends at 0x4001bd0 <L_SCBNoPending+284>.
Line 72 of "drivers/src/altera_avalon_jtag_uart_write.c" starts at address 0xeabc <altera_avalon_jtag_uart_write+80> and ends at 0xeae0 <altera_avalon_jtag_uart_write+116>.

Line 504 of "drivers/src/grtos_switch.S" starts at address 0x4001bd0 <L_SCBNoPending+284> and ends at 0x4001bd4 <alt_irq_entry>.
Line 72 of "drivers/src/altera_avalon_jtag_uart_write.c" starts at address 0xeabc <altera_avalon_jtag_uart_write+80> and ends at 0xeae0 <altera_avalon_jtag_uart_write+116>.

Line 125 of "HAL/src/alt_exception_entry.S" starts at address 0x4001bd4 <alt_irq_entry> and ends at 0x4001bd8 <alt_irq_entry+4>.
Line 72 of "drivers/src/altera_avalon_jtag_uart_write.c" starts at address 0xeabc <altera_avalon_jtag_uart_write+80> and ends at 0xeae0 <altera_avalon_jtag_uart_write+116>.

Line 142 of "HAL/src/alt_exception_entry.S" starts at address 0x4001bd8 <alt_irq_entry+4> and ends at 0x4001bdc <alt_irq_entry+8>.
Line 72 of "drivers/src/altera_avalon_jtag_uart_write.c" starts at address 0xeabc <altera_avalon_jtag_uart_write+80> and ends at 0xeae0 <altera_avalon_jtag_uart_write+116>.

Line 143 of "HAL/src/alt_exception_entry.S" starts at address 0x4001bdc <alt_irq_entry+8> and ends at 0x4001be0 <alt_irq_entry+12>.
Line 72 of "drivers/src/altera_avalon_jtag_uart_write.c" starts at address 0xeabc <altera_avalon_jtag_uart_write+80> and ends at 0xeae0 <altera_avalon_jtag_uart_write+116>.

Line 144 of "HAL/src/alt_exception_entry.S" starts at address 0x4001be0 <alt_irq_entry+12> and ends at 0x4001be4 <alt_irq_entry+16>.
Line 72 of "drivers/src/altera_avalon_jtag_uart_write.c" starts at address 0xeabc <altera_avalon_jtag_uart_write+80> and ends at 0xeae0 <altera_avalon_jtag_uart_write+116>.

Line 145 of "HAL/src/alt_exception_entry.S" starts at address 0x4001be4 <alt_irq_entry+16> and ends at 0x4001be8 <alt_irq_entry+20>.
Line 72 of "drivers/src/altera_avalon_jtag_uart_write.c" starts at address 0xeabc <altera_avalon_jtag_uart_write+80> and ends at 0xeae0 <altera_avalon_jtag_uart_write+116>.

Line 146 of "HAL/src/alt_exception_entry.S" starts at address 0x4001be8 <alt_irq_entry+20> and ends at 0x4001bec <alt_irq_entry+24>.
Line 70 of "drivers/src/altera_avalon_jtag_uart_write.c" starts at address 0xeae0 <altera_avalon_jtag_uart_write+116> and ends at 0xeaec <altera_avalon_jtag_uart_write+128>.

Line 147 of "HAL/src/alt_exception_entry.S" starts at address 0x4001bec <alt_irq_entry+24> and ends at 0x4001bf0 <alt_irq_entry+28>.
Line 70 of "drivers/src/altera_avalon_jtag_uart_write.c" starts at address 0xeae0 <altera_avalon_jtag_uart_write+116> and ends at 0xeaec <altera_avalon_jtag_uart_write+128>.

Line 148 of "HAL/src/alt_exception_entry.S" starts at address 0x4001bf0 <alt_irq_entry+28> and ends at 0x4001bf4 <alt_irq_entry+32>.
Line 70 of "drivers/src/altera_avalon_jtag_uart_write.c" starts at address 0xeae0 <altera_avalon_jtag_uart_write+116> and ends at 0xeaec <altera_avalon_jtag_uart_write+128>.

Line 149 of "HAL/src/alt_exception_entry.S" starts at address 0x4001bf4 <alt_irq_entry+32> and ends at 0x4001bf8 <alt_irq_entry+36>.
Line 71 of "drivers/src/altera_avalon_jtag_uart_write.c" starts at address 0xeaa8 <altera_avalon_jtag_uart_write+60> and ends at 0xeabc <altera_avalon_jtag_uart_write+80>.

Line 150 of "HAL/src/alt_exception_entry.S" starts at address 0x4001bf8 <alt_irq_entry+36> and ends at 0x4001bfc <alt_irq_entry+40>.
Line 71 of "drivers/src/altera_avalon_jtag_uart_write.c" starts at address 0xeaa8 <altera_avalon_jtag_uart_write+60> and ends at 0xeabc <altera_avalon_jtag_uart_write+80>.

Line 151 of "HAL/src/alt_exception_entry.S" starts at address 0x4001bfc <alt_irq_entry+40> and ends at 0x4001c00 <alt_irq_entry+44>.
Line 71 of "drivers/src/altera_avalon_jtag_uart_write.c" starts at address 0xeaa8 <altera_avalon_jtag_uart_write+60> and ends at 0xeabc <altera_avalon_jtag_uart_write+80>.

Line 152 of "HAL/src/alt_exception_entry.S" starts at address 0x4001c00 <alt_irq_entry+44> and ends at 0x4001c04 <alt_irq_entry+48>.
Line 71 of "drivers/src/altera_avalon_jtag_uart_write.c" starts at address 0xeaa8 <altera_avalon_jtag_uart_write+60> and ends at 0xeabc <altera_avalon_jtag_uart_write+80>.

Line 153 of "HAL/src/alt_exception_entry.S" starts at address 0x4001c04 <alt_irq_entry+48> and ends at 0x4001c08 <alt_irq_entry+52>.
Line 71 of "drivers/src/altera_avalon_jtag_uart_write.c" starts at address 0xeaa8 <altera_avalon_jtag_uart_write+60> and ends at 0xeabc <altera_avalon_jtag_uart_write+80>.

Line 154 of "HAL/src/alt_exception_entry.S" starts at address 0x4001c08 <alt_irq_entry+52> and ends at 0x4001c0c <alt_irq_entry+56>.
Line 72 of "drivers/src/altera_avalon_jtag_uart_write.c" starts at address 0xeabc <altera_avalon_jtag_uart_write+80> and ends at 0xeae0 <altera_avalon_jtag_uart_write+116>.

Line 155 of "HAL/src/alt_exception_entry.S" starts at address 0x4001c0c <alt_irq_entry+56> and ends at 0x4001c10 <alt_irq_entry+60>.
Line 72 of "drivers/src/altera_avalon_jtag_uart_write.c" starts at address 0xeabc <altera_avalon_jtag_uart_write+80> and ends at 0xeae0 <altera_avalon_jtag_uart_write+116>.

Line 156 of "HAL/src/alt_exception_entry.S" starts at address 0x4001c10 <alt_irq_entry+60> and ends at 0x4001c14 <alt_irq_entry+64>.
Line 72 of "drivers/src/altera_avalon_jtag_uart_write.c" starts at address 0xeabc <altera_avalon_jtag_uart_write+80> and ends at 0xeae0 <altera_avalon_jtag_uart_write+116>.

Line 157 of "HAL/src/alt_exception_entry.S" starts at address 0x4001c14 <alt_irq_entry+64> and ends at 0x4001c18 <alt_irq_entry+68>.
Line 72 of "drivers/src/altera_avalon_jtag_uart_write.c" starts at address 0xeabc <altera_avalon_jtag_uart_write+80> and ends at 0xeae0 <altera_avalon_jtag_uart_write+116>.

Line 158 of "HAL/src/alt_exception_entry.S" starts at address 0x4001c18 <alt_irq_entry+68> and ends at 0x4001c1c <alt_irq_entry+72>.
Line 72 of "drivers/src/altera_avalon_jtag_uart_write.c" starts at address 0xeabc <altera_avalon_jtag_uart_write+80> and ends at 0xeae0 <altera_avalon_jtag_uart_write+116>.

Line 165 of "HAL/src/alt_exception_entry.S" starts at address 0x4001c1c <alt_irq_entry+72> and ends at 0x4001c20 <alt_irq_entry+76>.
Line 72 of "drivers/src/altera_avalon_jtag_uart_write.c" starts at address 0xeabc <altera_avalon_jtag_uart_write+80> and ends at 0xeae0 <altera_avalon_jtag_uart_write+116>.

Line 166 of "HAL/src/alt_exception_entry.S" starts at address 0x4001c20 <alt_irq_entry+76> and ends at 0x4001c24 <alt_irq_entry+80>.
Line 72 of "drivers/src/altera_avalon_jtag_uart_write.c" starts at address 0xeabc <altera_avalon_jtag_uart_write+80> and ends at 0xeae0 <altera_avalon_jtag_uart_write+116>.

Line 167 of "HAL/src/alt_exception_entry.S" starts at address 0x4001c24 <alt_irq_entry+80> and ends at 0x4001c28 <alt_irq_entry+84>.
Line 72 of "drivers/src/altera_avalon_jtag_uart_write.c" starts at address 0xeabc <altera_avalon_jtag_uart_write+80> and ends at 0xeae0 <altera_avalon_jtag_uart_write+116>.

Line 176 of "HAL/src/crt0.S" starts at address 0x4001804 <__reset+4> and ends at 0x4001808 <__reset+8>.

Line 177 of "HAL/src/crt0.S" starts at address 0x4001808 <__reset+8> and ends at 0x400180c <__reset+12>.

Line 178 of "HAL/src/crt0.S" starts at address 0x400180c <__reset+12> and ends at 0x4001810 <__reset+16>.

Line 176 of "HAL/src/crt0.S" starts at address 0x4001804 <__reset+4> and ends at 0x4001808 <__reset+8>.

Line 177 of "HAL/src/crt0.S" starts at address 0x4001808 <__reset+8> and ends at 0x400180c <__reset+12>.

Line 178 of "HAL/src/crt0.S" starts at address 0x400180c <__reset+12> and ends at 0x4001810 <__reset+16>.

Line 176 of "HAL/src/crt0.S" starts at address 0x4001804 <__reset+4> and ends at 0x4001808 <__reset+8>.

Line 177 of "HAL/src/crt0.S" starts at address 0x4001808 <__reset+8> and ends at 0x400180c <__reset+12>.

Line 178 of "HAL/src/crt0.S" starts at address 0x400180c <__reset+12> and ends at 0x4001810 <__reset+16>.

Line 176 of "HAL/src/crt0.S" starts at address 0x4001804 <__reset+4> and ends at 0x4001808 <__reset+8>.

Line 177 of "HAL/src/crt0.S" starts at address 0x4001808 <__reset+8> and ends at 0x400180c <__reset+12>.

Line 178 of "HAL/src/crt0.S" starts at address 0x400180c <__reset+12> and ends at 0x4001810 <__reset+16>.

Line 176 of "HAL/src/crt0.S" starts at address 0x4001804 <__reset+4> and ends at 0x4001808 <__reset+8>.

Line 177 of "HAL/src/crt0.S" starts at address 0x4001808 <__reset+8> and ends at 0x400180c <__reset+12>.

Line 178 of "HAL/src/crt0.S" starts at address 0x400180c <__reset+12> and ends at 0x4001810 <__reset+16>.

Line 176 of "HAL/src/crt0.S" starts at address 0x4001804 <__reset+4> and ends at 0x4001808 <__reset+8>.

Line 177 of "HAL/src/crt0.S" starts at address 0x4001808 <__reset+8> and ends at 0x400180c <__reset+12>.

Line 178 of "HAL/src/crt0.S" starts at address 0x400180c <__reset+12> and ends at 0x4001810 <__reset+16>.

Line 176 of "HAL/src/crt0.S" starts at address 0x4001804 <__reset+4> and ends at 0x4001808 <__reset+8>.

Line 177 of "HAL/src/crt0.S" starts at address 0x4001808 <__reset+8> and ends at 0x400180c <__reset+12>.

Line 178 of "HAL/src/crt0.S" starts at address 0x400180c <__reset+12> and ends at 0x4001810 <__reset+16>.

Line 176 of "HAL/src/crt0.S" starts at address 0x4001804 <__reset+4> and ends at 0x4001808 <__reset+8>.

Line 177 of "HAL/src/crt0.S" starts at address 0x4001808 <__reset+8> and ends at 0x400180c <__reset+12>.

Line 178 of "HAL/src/crt0.S" starts at address 0x400180c <__reset+12> and ends at 0x4001810 <__reset+16>.

Line 176 of "HAL/src/crt0.S" starts at address 0x4001804 <__reset+4> and ends at 0x4001808 <__reset+8>.

Line 177 of "HAL/src/crt0.S" starts at address 0x4001808 <__reset+8> and ends at 0x400180c <__reset+12>.

Line 178 of "HAL/src/crt0.S" starts at address 0x400180c <__reset+12> and ends at 0x4001810 <__reset+16>.

Line 176 of "HAL/src/crt0.S" starts at address 0x4001804 <__reset+4> and ends at 0x4001808 <__reset+8>.

Line 177 of "HAL/src/crt0.S" starts at address 0x4001808 <__reset+8> and ends at 0x400180c <__reset+12>.

Line 178 of "HAL/src/crt0.S" starts at address 0x400180c <__reset+12> and ends at 0x4001810 <__reset+16>.

Line 176 of "HAL/src/crt0.S" starts at address 0x4001804 <__reset+4> and ends at 0x4001808 <__reset+8>.

Line 177 of "HAL/src/crt0.S" starts at address 0x4001808 <__reset+8> and ends at 0x400180c <__reset+12>.

Line 178 of "HAL/src/crt0.S" starts at address 0x400180c <__reset+12> and ends at 0x4001810 <__reset+16>.

Line 176 of "HAL/src/crt0.S" starts at address 0x4001804 <__reset+4> and ends at 0x4001808 <__reset+8>.

Line 177 of "HAL/src/crt0.S" starts at address 0x4001808 <__reset+8> and ends at 0x400180c <__reset+12>.

Line 178 of "HAL/src/crt0.S" starts at address 0x400180c <__reset+12> and ends at 0x4001810 <__reset+16>.

Line 176 of "HAL/src/crt0.S" starts at address 0x4001804 <__reset+4> and ends at 0x4001808 <__reset+8>.

Line 177 of "HAL/src/crt0.S" starts at address 0x4001808 <__reset+8> and ends at 0x400180c <__reset+12>.

Line 178 of "HAL/src/crt0.S" starts at address 0x400180c <__reset+12> and ends at 0x4001810 <__reset+16>.

Line 176 of "HAL/src/crt0.S" starts at address 0x4001804 <__reset+4> and ends at 0x4001808 <__reset+8>.

Line 161 of "HAL/src/alt_instruction_exception_entry.c" starts at address 0x4001de4 <alt_instruction_exception_entry+96> and ends at 0x4001df8.

Line 161 of "HAL/src/alt_instruction_exception_entry.c" starts at address 0x4001de4 <alt_instruction_exception_entry+96> and ends at 0x4001df8.

Line 161 of "HAL/src/alt_instruction_exception_entry.c" starts at address 0x4001de4 <alt_instruction_exception_entry+96> and ends at 0x4001df8.

Line 161 of "HAL/src/alt_instruction_exception_entry.c" starts at address 0x4001de4 <alt_instruction_exception_entry+96> and ends at 0x4001df8.

Line 161 of "HAL/src/alt_instruction_exception_entry.c" starts at address 0x4001de4 <alt_instruction_exception_entry+96> and ends at 0x4001df8.

No line number information available.

Line 158 of "drivers/src/grtos_switch.S" starts at address 0x4001820 <grtos_irq_entry> and ends at 0x4001824 <grtos_irq_entry+4>.

Line 161 of "drivers/src/grtos_switch.S" starts at address 0x4001824 <grtos_irq_entry+4> and ends at 0x4001828 <grtos_irq_entry+8>.

Line 162 of "drivers/src/grtos_switch.S" starts at address 0x4001828 <grtos_irq_entry+8> and ends at 0x400182c <grtos_irq_entry+12>.

Line 163 of "drivers/src/grtos_switch.S" starts at address 0x400182c <grtos_irq_entry+12> and ends at 0x4001830 <grtos_irq_entry+16>.

